mode: set
github.com/shaynemeyer/rasant/render/render.go:35.113,36.39 1 1
github.com/shaynemeyer/rasant/render/render.go:37.12,38.38 1 1
github.com/shaynemeyer/rasant/render/render.go:39.13,40.50 1 1
github.com/shaynemeyer/rasant/render/render.go:41.10,41.10 0 1
github.com/shaynemeyer/rasant/render/render.go:45.2,45.52 1 1
github.com/shaynemeyer/rasant/render/render.go:49.104,51.15 2 1
github.com/shaynemeyer/rasant/render/render.go:51.15,53.4 1 1
github.com/shaynemeyer/rasant/render/render.go:55.2,56.17 2 1
github.com/shaynemeyer/rasant/render/render.go:56.17,58.3 1 0
github.com/shaynemeyer/rasant/render/render.go:60.2,61.15 2 1
github.com/shaynemeyer/rasant/render/render.go:61.15,63.4 1 0
github.com/shaynemeyer/rasant/render/render.go:65.2,65.12 1 1
github.com/shaynemeyer/rasant/render/render.go:69.124,72.22 2 1
github.com/shaynemeyer/rasant/render/render.go:72.22,74.4 1 1
github.com/shaynemeyer/rasant/render/render.go:74.9,76.3 1 0
github.com/shaynemeyer/rasant/render/render.go:78.2,79.16 2 1
github.com/shaynemeyer/rasant/render/render.go:79.16,81.3 1 0
github.com/shaynemeyer/rasant/render/render.go:83.2,84.16 2 1
github.com/shaynemeyer/rasant/render/render.go:84.16,87.3 2 1
github.com/shaynemeyer/rasant/render/render.go:89.2,89.46 1 1
github.com/shaynemeyer/rasant/render/render.go:89.46,92.3 2 0
github.com/shaynemeyer/rasant/render/render.go:94.2,94.12 1 1
