mode: set
github.com/shaynemeyer/rasant/mailer/mail.go:56.32,57.6 1 1
github.com/shaynemeyer/rasant/mailer/mail.go:57.6,60.17 3 1
github.com/shaynemeyer/rasant/mailer/mail.go:60.17,62.4 1 1
github.com/shaynemeyer/rasant/mailer/mail.go:62.9,64.4 1 1
github.com/shaynemeyer/rasant/mailer/mail.go:68.40,69.83 1 1
github.com/shaynemeyer/rasant/mailer/mail.go:69.83,71.3 1 1
github.com/shaynemeyer/rasant/mailer/mail.go:72.2,72.31 1 1
github.com/shaynemeyer/rasant/mailer/mail.go:75.45,76.15 1 1
github.com/shaynemeyer/rasant/mailer/mail.go:77.42,78.36 1 0
github.com/shaynemeyer/rasant/mailer/mail.go:79.10,80.90 1 1
github.com/shaynemeyer/rasant/mailer/mail.go:84.66,85.20 1 1
github.com/shaynemeyer/rasant/mailer/mail.go:85.20,87.3 1 1
github.com/shaynemeyer/rasant/mailer/mail.go:89.2,89.24 1 1
github.com/shaynemeyer/rasant/mailer/mail.go:89.24,91.3 1 1
github.com/shaynemeyer/rasant/mailer/mail.go:93.2,102.16 3 1
github.com/shaynemeyer/rasant/mailer/mail.go:102.16,104.3 1 1
github.com/shaynemeyer/rasant/mailer/mail.go:106.2,107.16 2 0
github.com/shaynemeyer/rasant/mailer/mail.go:107.16,109.3 1 0
github.com/shaynemeyer/rasant/mailer/mail.go:111.2,112.16 2 0
github.com/shaynemeyer/rasant/mailer/mail.go:112.16,114.3 1 0
github.com/shaynemeyer/rasant/mailer/mail.go:116.2,125.16 3 0
github.com/shaynemeyer/rasant/mailer/mail.go:125.16,127.3 1 0
github.com/shaynemeyer/rasant/mailer/mail.go:129.2,130.16 2 0
github.com/shaynemeyer/rasant/mailer/mail.go:130.16,132.4 1 0
github.com/shaynemeyer/rasant/mailer/mail.go:134.2,134.12 1 0
github.com/shaynemeyer/rasant/mailer/mail.go:138.79,139.30 1 0
github.com/shaynemeyer/rasant/mailer/mail.go:139.30,142.37 2 0
github.com/shaynemeyer/rasant/mailer/mail.go:142.37,145.18 3 0
github.com/shaynemeyer/rasant/mailer/mail.go:145.18,147.5 1 0
github.com/shaynemeyer/rasant/mailer/mail.go:149.4,152.45 4 0
github.com/shaynemeyer/rasant/mailer/mail.go:155.3,155.31 1 0
github.com/shaynemeyer/rasant/mailer/mail.go:158.2,158.12 1 0
github.com/shaynemeyer/rasant/mailer/mail.go:162.51,164.16 2 1
github.com/shaynemeyer/rasant/mailer/mail.go:164.16,166.3 1 0
github.com/shaynemeyer/rasant/mailer/mail.go:168.2,169.16 2 1
github.com/shaynemeyer/rasant/mailer/mail.go:169.16,171.4 1 0
github.com/shaynemeyer/rasant/mailer/mail.go:173.2,184.16 11 1
github.com/shaynemeyer/rasant/mailer/mail.go:184.16,186.3 1 0
github.com/shaynemeyer/rasant/mailer/mail.go:188.2,193.30 5 1
github.com/shaynemeyer/rasant/mailer/mail.go:193.30,194.37 1 1
github.com/shaynemeyer/rasant/mailer/mail.go:194.37,196.4 1 1
github.com/shaynemeyer/rasant/mailer/mail.go:199.2,200.16 2 1
github.com/shaynemeyer/rasant/mailer/mail.go:200.16,202.3 1 1
github.com/shaynemeyer/rasant/mailer/mail.go:204.2,204.12 1 1
github.com/shaynemeyer/rasant/mailer/mail.go:208.56,209.11 1 1
github.com/shaynemeyer/rasant/mailer/mail.go:210.13,211.33 1 0
github.com/shaynemeyer/rasant/mailer/mail.go:212.13,213.28 1 0
github.com/shaynemeyer/rasant/mailer/mail.go:214.14,215.29 1 1
github.com/shaynemeyer/rasant/mailer/mail.go:216.10,217.33 1 0
github.com/shaynemeyer/rasant/mailer/mail.go:222.62,226.16 3 1
github.com/shaynemeyer/rasant/mailer/mail.go:226.16,228.4 1 0
github.com/shaynemeyer/rasant/mailer/mail.go:230.2,231.65 2 1
github.com/shaynemeyer/rasant/mailer/mail.go:231.65,233.3 1 0
github.com/shaynemeyer/rasant/mailer/mail.go:235.2,237.16 3 1
github.com/shaynemeyer/rasant/mailer/mail.go:237.16,239.4 1 0
github.com/shaynemeyer/rasant/mailer/mail.go:241.2,241.30 1 1
github.com/shaynemeyer/rasant/mailer/mail.go:245.67,249.16 3 1
github.com/shaynemeyer/rasant/mailer/mail.go:249.16,251.4 1 0
github.com/shaynemeyer/rasant/mailer/mail.go:253.2,254.65 2 1
github.com/shaynemeyer/rasant/mailer/mail.go:254.65,256.3 1 0
github.com/shaynemeyer/rasant/mailer/mail.go:258.2,260.26 2 1
github.com/shaynemeyer/rasant/mailer/mail.go:264.52,272.16 3 1
github.com/shaynemeyer/rasant/mailer/mail.go:272.16,274.3 1 0
github.com/shaynemeyer/rasant/mailer/mail.go:276.2,277.16 2 1
github.com/shaynemeyer/rasant/mailer/mail.go:277.16,279.3 1 0
github.com/shaynemeyer/rasant/mailer/mail.go:281.2,281.18 1 1
